<?xml version="1.0" encoding="UTF-8"?>
<!-- Generated by org.testng.reporters.JUnitReportReporter -->
<testsuite hostname="DESKTOP-L05GFEH" failures="0" tests="2" name="variousConcept.TestNG_Class" time="6.175" errors="0" timestamp="2022-07-26T13:26:45 CDT" skipped="0">
  <testcase classname="variousConcept.TestNG_Class" name="customerTest" time="4.108"/>
  <system-out/>
  <testcase classname="variousConcept.TestNG_Class" name="login" time="2.067"/>
  <system-out/>
</testsuite> <!-- variousConcept.TestNG_Class -->
